<?xml version="1.0" encoding="UTF-8"?>
<!-- Generated by org.testng.reporters.JUnitReportReporter -->
<testsuite hostname="DESKTOP-A0PFMEG" failures="0" tests="8" name="testNGAnnotation_Flag.Flag4" time="0.201" errors="0" timestamp="2023-07-22T19:08:04 MST" skipped="0">
  <testcase classname="testNGAnnotation_Flag.Flag4" name="a" time="0.073"/>
  <testcase classname="testNGAnnotation_Flag.Flag4" name="f" time="0.028"/>
  <testcase classname="testNGAnnotation_Flag.Flag4" name="c" time="0.017"/>
  <testcase classname="testNGAnnotation_Flag.Flag4" name="s" time="0.022"/>
  <testcase classname="testNGAnnotation_Flag.Flag4" name="k" time="0.019"/>
  <testcase classname="testNGAnnotation_Flag.Flag4" name="z" time="0.021"/>
  <testcase classname="testNGAnnotation_Flag.Flag4" name="p" time="0.017"/>
  <testcase classname="testNGAnnotation_Flag.Flag4" name="i" time="0.004"/>
</testsuite> <!-- testNGAnnotation_Flag.Flag4 -->
