<?xml version="1.0" encoding="UTF-8"?>
<!-- Generated by org.testng.reporters.JUnitReportReporter -->
<testsuite hostname="DESKTOP-A0PFMEG" failures="0" tests="2" name="testNGAnnotation.Flag2" time="0.055" errors="0" timestamp="2023-07-21T19:06:05 MST" skipped="1">
  <testcase classname="testNGAnnotation.Flag2" name="method1" time="0.055">
    <system-out>
      <![CDATA[Method1 from flag2]]>
    </system-out>
  </testcase> <!-- method1 -->
  <testcase classname="testNGAnnotation.Flag2" name="method2">
    <skipped/>
  </testcase> <!-- method2 -->
  <system-out>
    <![CDATA[Method1 from flag2]]>
  </system-out>
</testsuite> <!-- testNGAnnotation.Flag2 -->
