<?xml version="1.0" encoding="UTF-8"?>
<!-- Generated by org.testng.reporters.JUnitReportReporter -->
<testsuite hostname="DESKTOP-A0PFMEG" failures="0" tests="2" name="testNGExecution.TestMethod1" time="0.083" errors="0" timestamp="2023-07-21T19:08:23 MST" skipped="0">
  <testcase classname="testNGExecution.TestMethod1" name="testMethod2" time="0.031">
    <system-out>
      <![CDATA[thread id of testMethod2 :1]]>
    </system-out>
  </testcase> <!-- testMethod2 -->
  <testcase classname="testNGExecution.TestMethod1" name="testMethod1" time="0.052">
    <system-out>
      <![CDATA[thread id of testMethod1 :1]]>
    </system-out>
  </testcase> <!-- testMethod1 -->
  <system-out>
    <![CDATA[thread id of testMethod1 :1
thread id of testMethod2 :1]]>
  </system-out>
</testsuite> <!-- testNGExecution.TestMethod1 -->
