<?xml version="1.0" encoding="UTF-8"?>
<!-- Generated by org.testng.reporters.JUnitReportReporter -->
<testsuite hostname="DESKTOP-A0PFMEG" failures="0" tests="1" name="TestNG.Demo" time="0.042" errors="0" timestamp="2023-07-22T19:19:07 MST" skipped="0">
  <testcase classname="TestNG.Demo" name="f" time="0.042">
    <system-out>
      <![CDATA[This is Demo TestNG Class1]]>
    </system-out>
  </testcase> <!-- f -->
  <system-out>
    <![CDATA[This is Demo TestNG Class1
This is Remo TestNG Class!!
This is Sumo TestNG Class]]>
  </system-out>
</testsuite> <!-- TestNG.Demo -->
