<?xml version="1.0" encoding="UTF-8"?>
<!-- Generated by org.testng.reporters.JUnitReportReporter -->
<testsuite hostname="DESKTOP-A0PFMEG" failures="0" tests="2" name="TestNGPack2.Demo2" time="0.084" errors="0" timestamp="2023-07-21T19:09:40 MST" skipped="0">
  <testcase classname="TestNGPack2.Demo2" name="method4" time="0.006">
    <system-out>
      <![CDATA[This is method4]]>
    </system-out>
  </testcase> <!-- method4 -->
  <testcase classname="TestNGPack2.Demo2" name="method3" time="0.078">
    <system-out>
      <![CDATA[This is method3]]>
    </system-out>
  </testcase> <!-- method3 -->
  <system-out>
    <![CDATA[This is method3
This is method4]]>
  </system-out>
</testsuite> <!-- TestNGPack2.Demo2 -->
