<?xml version="1.0" encoding="UTF-8"?>
<!-- Generated by org.testng.reporters.JUnitReportReporter -->
<testsuite hostname="DESKTOP-A0PFMEG" failures="0" tests="1" name="TestNG.Sumo" time="0.010" errors="0" timestamp="2023-07-22T19:19:07 MST" skipped="0">
  <testcase classname="TestNG.Sumo" name="h" time="0.010">
    <system-out>
      <![CDATA[This is Sumo TestNG Class]]>
    </system-out>
  </testcase> <!-- h -->
  <system-out>
    <![CDATA[This is Demo TestNG Class1
This is Remo TestNG Class!!
This is Sumo TestNG Class]]>
  </system-out>
</testsuite> <!-- TestNG.Sumo -->
