<?xml version="1.0" encoding="UTF-8"?>
<!-- Generated by org.testng.reporters.JUnitReportReporter -->
<testsuite hostname="DESKTOP-A0PFMEG" failures="0" tests="2" name="testNGAnnotation_Flag.AnnotationsClass" time="0.139" errors="0" timestamp="2023-07-21T19:11:43 MST" skipped="0">
  <testcase classname="testNGAnnotation_Flag.AnnotationsClass" name="method10" time="0.028">
    <system-out>
      <![CDATA[testAnnotation2]]>
    </system-out>
  </testcase> <!-- method10 -->
  <testcase classname="testNGAnnotation_Flag.AnnotationsClass" name="method1" time="0.111">
    <system-out>
      <![CDATA[TestAnnotation]]>
    </system-out>
  </testcase> <!-- method1 -->
  <system-out>
    <![CDATA[BeforeSuiteAnnotation
BeforeTestAnnotation
BeforeMethodAnnotation
TestAnnotation
AfterMethodAnnotation
BeforeMethodAnnotation
testAnnotation2
AfterMethodAnnotation
AfterClassAnnotation
AfterTestAnnotation
AfterSuiteAnnotation]]>
  </system-out>
</testsuite> <!-- testNGAnnotation_Flag.AnnotationsClass -->
