<?xml version="1.0" encoding="UTF-8"?>
<!-- Generated by org.testng.reporters.JUnitReportReporter -->
<testsuite hostname="DESKTOP-A0PFMEG" failures="0" tests="3" name="testNGAnnotation_Flag.Flag5" time="0.091" errors="0" timestamp="2023-07-22T19:08:28 MST" skipped="0">
  <testcase classname="testNGAnnotation_Flag.Flag5" name="logoutMethod" time="0.011"/>
  <testcase classname="testNGAnnotation_Flag.Flag5" name="createUserMethod" time="0.034"/>
  <testcase classname="testNGAnnotation_Flag.Flag5" name="loginMethod" time="0.046"/>
</testsuite> <!-- testNGAnnotation_Flag.Flag5 -->
