<?xml version="1.0" encoding="UTF-8"?>
<!-- Generated by org.testng.reporters.JUnitReportReporter -->
<testsuite hostname="DESKTOP-A0PFMEG" failures="0" tests="2" name="TestNGPack2.Demo3" time="0.065" errors="0" timestamp="2023-07-21T19:09:54 MST" skipped="0">
  <testcase classname="TestNGPack2.Demo3" name="method6" time="0.009">
    <system-out>
      <![CDATA[This is method6]]>
    </system-out>
  </testcase> <!-- method6 -->
  <testcase classname="TestNGPack2.Demo3" name="method5" time="0.056">
    <system-out>
      <![CDATA[This is method5]]>
    </system-out>
  </testcase> <!-- method5 -->
  <system-out>
    <![CDATA[This is method5
This is method6]]>
  </system-out>
</testsuite> <!-- TestNGPack2.Demo3 -->
