<?xml version="1.0" encoding="UTF-8"?>
<!-- Generated by org.testng.reporters.JUnitReportReporter -->
<testsuite hostname="DESKTOP-A0PFMEG" failures="0" tests="18" name="testNGAnnotation_Flag.Flag6" time="0.336" errors="0" timestamp="2023-07-25T14:46:49 MST" skipped="0">
  <testcase classname="testNGAnnotation_Flag.Flag6" name="ft3" time="0.016">
    <system-out>
      <![CDATA[STC2]]>
    </system-out>
  </testcase> <!-- ft3 -->
  <testcase classname="testNGAnnotation_Flag.Flag6" name="ft5" time="0.010">
    <system-out>
      <![CDATA[FTC5]]>
    </system-out>
  </testcase> <!-- ft5 -->
  <testcase classname="testNGAnnotation_Flag.Flag6" name="it3" time="0.019">
    <system-out>
      <![CDATA[ITC1]]>
    </system-out>
  </testcase> <!-- it3 -->
  <testcase classname="testNGAnnotation_Flag.Flag6" name="it4" time="0.009">
    <system-out>
      <![CDATA[ITC4]]>
    </system-out>
  </testcase> <!-- it4 -->
  <testcase classname="testNGAnnotation_Flag.Flag6" name="ft6" time="0.028">
    <system-out>
      <![CDATA[FTC6]]>
    </system-out>
  </testcase> <!-- ft6 -->
  <testcase classname="testNGAnnotation_Flag.Flag6" name="ft1" time="0.081">
    <system-out>
      <![CDATA[FTC1]]>
    </system-out>
  </testcase> <!-- ft1 -->
  <testcase classname="testNGAnnotation_Flag.Flag6" name="st3" time="0.026">
    <system-out>
      <![CDATA[STC2]]>
    </system-out>
  </testcase> <!-- st3 -->
  <testcase classname="testNGAnnotation_Flag.Flag6" name="st5" time="0.022">
    <system-out>
      <![CDATA[STC5]]>
    </system-out>
  </testcase> <!-- st5 -->
  <testcase classname="testNGAnnotation_Flag.Flag6" name="st2" time="0.010">
    <system-out>
      <![CDATA[STC2]]>
    </system-out>
  </testcase> <!-- st2 -->
  <testcase classname="testNGAnnotation_Flag.Flag6" name="it6" time="0.004">
    <system-out>
      <![CDATA[ITC6]]>
    </system-out>
  </testcase> <!-- it6 -->
  <testcase classname="testNGAnnotation_Flag.Flag6" name="st1" time="0.009">
    <system-out>
      <![CDATA[STC1]]>
    </system-out>
  </testcase> <!-- st1 -->
  <testcase classname="testNGAnnotation_Flag.Flag6" name="ft4" time="0.004">
    <system-out>
      <![CDATA[FTC4]]>
    </system-out>
  </testcase> <!-- ft4 -->
  <testcase classname="testNGAnnotation_Flag.Flag6" name="it2" time="0.018">
    <system-out>
      <![CDATA[ITC2]]>
    </system-out>
  </testcase> <!-- it2 -->
  <testcase classname="testNGAnnotation_Flag.Flag6" name="it1" time="0.043">
    <system-out>
      <![CDATA[ITC1]]>
    </system-out>
  </testcase> <!-- it1 -->
  <testcase classname="testNGAnnotation_Flag.Flag6" name="ft2" time="0.012">
    <system-out>
      <![CDATA[FTC2]]>
    </system-out>
  </testcase> <!-- ft2 -->
  <testcase classname="testNGAnnotation_Flag.Flag6" name="st6" time="0.005">
    <system-out>
      <![CDATA[STC6]]>
    </system-out>
  </testcase> <!-- st6 -->
  <testcase classname="testNGAnnotation_Flag.Flag6" name="it5" time="0.005">
    <system-out>
      <![CDATA[ITC5]]>
    </system-out>
  </testcase> <!-- it5 -->
  <testcase classname="testNGAnnotation_Flag.Flag6" name="st4" time="0.015">
    <system-out>
      <![CDATA[STC4]]>
    </system-out>
  </testcase> <!-- st4 -->
  <system-out>
    <![CDATA[FTC1
FTC2
STC2
FTC4
FTC5
FTC6
ITC1
ITC2
ITC1
ITC4
ITC5
ITC6
STC1
STC2
STC2
STC4
STC5
STC6]]>
  </system-out>
</testsuite> <!-- testNGAnnotation_Flag.Flag6 -->
