<?xml version="1.0" encoding="UTF-8"?>
<!-- Generated by org.testng.reporters.JUnitReportReporter -->
<testsuite hostname="DESKTOP-A0PFMEG" failures="0" tests="2" name="testNGExecution.TestMethod2" time="0.062" errors="0" timestamp="2023-07-21T19:08:36 MST" skipped="0">
  <testcase classname="testNGExecution.TestMethod2" name="testMethod4" time="0.014">
    <system-out>
      <![CDATA[thread id of testMethod4 :1]]>
    </system-out>
  </testcase> <!-- testMethod4 -->
  <testcase classname="testNGExecution.TestMethod2" name="testMethod3" time="0.048">
    <system-out>
      <![CDATA[thread id of testMethod3 :1]]>
    </system-out>
  </testcase> <!-- testMethod3 -->
  <system-out>
    <![CDATA[thread id of testMethod3 :1
thread id of testMethod4 :1]]>
  </system-out>
</testsuite> <!-- testNGExecution.TestMethod2 -->
