<?xml version="1.0" encoding="UTF-8"?>
<!-- Generated by org.testng.reporters.JUnitReportReporter -->
<testsuite hostname="DESKTOP-A0PFMEG" failures="0" tests="2" name="TestNGPack2.Demo1" time="0.021" errors="0" timestamp="2023-07-18T23:44:09 MST" skipped="0">
  <testcase classname="TestNGPack2.Demo1" name="method2" time="0.011">
    <system-out>
      <![CDATA[This is method2]]>
    </system-out>
  </testcase> <!-- method2 -->
  <testcase classname="TestNGPack2.Demo1" name="method1" time="0.010">
    <system-out>
      <![CDATA[This is method1]]>
    </system-out>
  </testcase> <!-- method1 -->
  <system-out>
    <![CDATA[This is method3
This is method4
This is method1
This is method2
This is method5
This is method6]]>
  </system-out>
</testsuite> <!-- TestNGPack2.Demo1 -->
