<?xml version="1.0" encoding="UTF-8"?>
<!-- Generated by org.testng.reporters.JUnitReportReporter -->
<testsuite hostname="DESKTOP-A0PFMEG" failures="0" tests="2" name="testNGExecution.TestMethod3" time="0.072" errors="0" timestamp="2023-07-21T19:08:51 MST" skipped="0">
  <testcase classname="testNGExecution.TestMethod3" name="testMethod6" time="0.019">
    <system-out>
      <![CDATA[thread id of testMethod6 :1]]>
    </system-out>
  </testcase> <!-- testMethod6 -->
  <testcase classname="testNGExecution.TestMethod3" name="testMethod5" time="0.053">
    <system-out>
      <![CDATA[thread id of testMethod5 :1]]>
    </system-out>
  </testcase> <!-- testMethod5 -->
  <system-out>
    <![CDATA[thread id of testMethod5 :1
thread id of testMethod6 :1]]>
  </system-out>
</testsuite> <!-- testNGExecution.TestMethod3 -->
