<?xml version="1.0" encoding="UTF-8"?>
<!-- Generated by org.testng.reporters.JUnitReportReporter -->
<testsuite hostname="DESKTOP-A0PFMEG" failures="0" tests="2" name="testNGAnnotation.Flag1" time="0.773" errors="0" timestamp="2023-07-21T19:05:11 MST" skipped="0">
  <testcase classname="testNGAnnotation.Flag1" name="method2" time="0.133">
    <system-out>
      <![CDATA[method2 From flag2]]>
    </system-out>
  </testcase> <!-- method2 -->
  <testcase classname="testNGAnnotation.Flag1" name="method1" time="0.640">
    <system-out>
      <![CDATA[method1 From flag1]]>
    </system-out>
  </testcase> <!-- method1 -->
  <system-out>
    <![CDATA[method1 From flag1
method2 From flag2]]>
  </system-out>
</testsuite> <!-- testNGAnnotation.Flag1 -->
